#-----------------------------------------------------------
# Vivado v2021.1 (64-bit)
# SW Build 3247384 on Thu Jun 10 19:36:07 MDT 2021
# IP Build 3246043 on Fri Jun 11 00:30:35 MDT 2021
# Start of session at: Mon Jan  1 00:53:06 2024
# Process ID: 368084
# Current directory: /home/fpga/u1_library/k2_smart_eye/smart_eye_upl_exp/mig_7series_0_ex
# Command line: vivado /home/fpga/u1_library/k2_smart_eye/smart_eye_upl_exp/mig_7series_0_ex/mig_7series_0_ex.xpr
# Log file: /home/fpga/u1_library/k2_smart_eye/smart_eye_upl_exp/mig_7series_0_ex/vivado.log
# Journal file: /home/fpga/u1_library/k2_smart_eye/smart_eye_upl_exp/mig_7series_0_ex/vivado.jou
#-----------------------------------------------------------
start_gui
open_project /home/fpga/u1_library/k2_smart_eye/smart_eye_upl_exp/mig_7series_0_ex/mig_7series_0_ex.xpr
Scanning sources...
Finished scanning sources
INFO: [IP_Flow 19-234] Refreshing IP repositories
INFO: [IP_Flow 19-1700] Loaded user IP repository '/home/fpga/u1_library/k2_smart_eye/smart_eye_upub_ips'.
INFO: [IP_Flow 19-1700] Loaded user IP repository '/home/fpga/u1_library/k2_smart_eye/smart_eye_upub_interface'.
INFO: [IP_Flow 19-2313] Loaded Vivado IP repository '/tools/Xilinx/Vivado/2021.1/data/ip'.
INFO: [IP_Flow 19-3899] Cannot get the environment domain name variable for the component vendor name. Setting the vendor name to 'user.org'.
update_compile_order -fileset sources_1
exit
INFO: [Common 17-206] Exiting Vivado at Mon Jan  1 00:53:31 2024...
