INFO: [VRFC 10-2263] Analyzing Verilog file "/home/fpga/u1_library/k2_smart_eye/smart_eye_upl_exp/mig_7series_0_ex/mig_7series_0_ex.gen/sources_1/ip/mig_7series_0/mig_7series_0/user_design/rtl/ui/mig_7series_v4_2_ui_cmd.v" into library xil_defaultlib
INFO: [VRFC 10-311] analyzing module mig_7series_v4_2_ui_cmd
INFO: [VRFC 10-2263] Analyzing Verilog file "/home/fpga/u1_library/k2_smart_eye/smart_eye_upl_exp/mig_7series_0_ex/mig_7series_0_ex.gen/sources_1/ip/mig_7series_0/mig_7series_0/user_design/rtl/ui/mig_7series_v4_2_ui_wr_data.v" into library xil_defaultlib
INFO: [VRFC 10-311] analyzing module mig_7series_v4_2_ui_wr_data
INFO: [VRFC 10-2263] Analyzing Verilog file "/home/fpga/u1_library/k2_smart_eye/smart_eye_upl_exp/mig_7series_0_ex/mig_7series_0_ex.gen/sources_1/ip/mig_7series_0/mig_7series_0/user_design/rtl/ui/mig_7series_v4_2_ui_rd_data.v" into library xil_defaultlib
INFO: [VRFC 10-311] analyzing module mig_7series_v4_2_ui_rd_data
INFO: [VRFC 10-2263] Analyzing Verilog file "/home/fpga/u1_library/k2_smart_eye/smart_eye_upl_exp/mig_7series_0_ex/mig_7series_0_ex.gen/sources_1/ip/mig_7series_0/mig_7series_0/user_design/rtl/ui/mig_7series_v4_2_ui_top.v" into library xil_defaultlib
INFO: [VRFC 10-311] analyzing module mig_7series_v4_2_ui_top
INFO: [VRFC 10-2263] Analyzing Verilog file "/home/fpga/u1_library/k2_smart_eye/smart_eye_upl_exp/mig_7series_0_ex/mig_7series_0_ex.gen/sources_1/ip/mig_7series_0/mig_7series_0/user_design/rtl/phy/mig_7series_v4_2_ddr_phy_wrlvl.v" into library xil_defaultlib
INFO: [VRFC 10-311] analyzing module mig_7series_v4_2_ddr_phy_wrlvl
INFO: [VRFC 10-2263] Analyzing Verilog file "/home/fpga/u1_library/k2_smart_eye/smart_eye_upl_exp/mig_7series_0_ex/mig_7series_0_ex.gen/sources_1/ip/mig_7series_0/mig_7series_0/user_design/rtl/phy/mig_7series_v4_2_ddr_byte_group_io.v" into library xil_defaultlib
INFO: [VRFC 10-311] analyzing module mig_7series_v4_2_ddr_byte_group_io
INFO: [VRFC 10-2263] Analyzing Verilog file "/home/fpga/u1_library/k2_smart_eye/smart_eye_upl_exp/mig_7series_0_ex/mig_7series_0_ex.gen/sources_1/ip/mig_7series_0/mig_7series_0/user_design/rtl/phy/mig_7series_v4_2_ddr_calib_top.v" into library xil_defaultlib
INFO: [VRFC 10-311] analyzing module mig_7series_v4_2_ddr_calib_top
INFO: [VRFC 10-2263] Analyzing Verilog file "/home/fpga/u1_library/k2_smart_eye/smart_eye_upl_exp/mig_7series_0_ex/mig_7series_0_ex.gen/sources_1/ip/mig_7series_0/mig_7series_0/user_design/rtl/phy/mig_7series_v4_2_ddr_phy_ocd_lim.v" into library xil_defaultlib
INFO: [VRFC 10-311] analyzing module mig_7series_v4_2_ddr_phy_ocd_lim
INFO: [VRFC 10-2263] Analyzing Verilog file "/home/fpga/u1_library/k2_smart_eye/smart_eye_upl_exp/mig_7series_0_ex/mig_7series_0_ex.gen/sources_1/ip/mig_7series_0/mig_7series_0/user_design/rtl/phy/mig_7series_v4_2_ddr_prbs_gen.v" into library xil_defaultlib
INFO: [VRFC 10-311] analyzing module mig_7series_v4_2_ddr_prbs_gen
INFO: [VRFC 10-2263] Analyzing Verilog file "/home/fpga/u1_library/k2_smart_eye/smart_eye_upl_exp/mig_7series_0_ex/mig_7series_0_ex.gen/sources_1/ip/mig_7series_0/mig_7series_0/user_design/rtl/phy/mig_7series_v4_2_poc_top.v" into library xil_defaultlib
INFO: [VRFC 10-311] analyzing module mig_7series_v4_2_poc_top
INFO: [VRFC 10-2263] Analyzing Verilog file "/home/fpga/u1_library/k2_smart_eye/smart_eye_upl_exp/mig_7series_0_ex/mig_7series_0_ex.gen/sources_1/ip/mig_7series_0/mig_7series_0/user_design/rtl/phy/mig_7series_v4_2_ddr_phy_oclkdelay_cal.v" into library xil_defaultlib
INFO: [VRFC 10-311] analyzing module mig_7series_v4_2_ddr_phy_oclkdelay_cal
INFO: [VRFC 10-2263] Analyzing Verilog file "/home/fpga/u1_library/k2_smart_eye/smart_eye_upl_exp/mig_7series_0_ex/mig_7series_0_ex.gen/sources_1/ip/mig_7series_0/mig_7series_0/user_design/rtl/phy/mig_7series_v4_2_ddr_if_post_fifo.v" into library xil_defaultlib
INFO: [VRFC 10-311] analyzing module mig_7series_v4_2_ddr_if_post_fifo
INFO: [VRFC 10-2263] Analyzing Verilog file "/home/fpga/u1_library/k2_smart_eye/smart_eye_upl_exp/mig_7series_0_ex/mig_7series_0_ex.gen/sources_1/ip/mig_7series_0/mig_7series_0/user_design/rtl/phy/mig_7series_v4_2_poc_pd.v" into library xil_defaultlib
INFO: [VRFC 10-311] analyzing module mig_7series_v4_2_poc_pd
INFO: [VRFC 10-2263] Analyzing Verilog file "/home/fpga/u1_library/k2_smart_eye/smart_eye_upl_exp/mig_7series_0_ex/mig_7series_0_ex.gen/sources_1/ip/mig_7series_0/mig_7series_0/user_design/rtl/phy/mig_7series_v4_2_ddr_phy_init.v" into library xil_defaultlib
INFO: [VRFC 10-311] analyzing module mig_7series_v4_2_ddr_phy_init
INFO: [VRFC 10-2263] Analyzing Verilog file "/home/fpga/u1_library/k2_smart_eye/smart_eye_upl_exp/mig_7series_0_ex/mig_7series_0_ex.gen/sources_1/ip/mig_7series_0/mig_7series_0/user_design/rtl/phy/mig_7series_v4_2_poc_cc.v" into library xil_defaultlib
INFO: [VRFC 10-311] analyzing module mig_7series_v4_2_poc_cc
INFO: [VRFC 10-2263] Analyzing Verilog file "/home/fpga/u1_library/k2_smart_eye/smart_eye_upl_exp/mig_7series_0_ex/mig_7series_0_ex.gen/sources_1/ip/mig_7series_0/mig_7series_0/user_design/rtl/phy/mig_7series_v4_2_ddr_phy_ocd_edge.v" into library xil_defaultlib
INFO: [VRFC 10-311] analyzing module mig_7series_v4_2_ddr_phy_ocd_edge
INFO: [VRFC 10-2263] Analyzing Verilog file "/home/fpga/u1_library/k2_smart_eye/smart_eye_upl_exp/mig_7series_0_ex/mig_7series_0_ex.gen/sources_1/ip/mig_7series_0/mig_7series_0/user_design/rtl/phy/mig_7series_v4_2_ddr_mc_phy.v" into library xil_defaultlib
INFO: [VRFC 10-311] analyzing module mig_7series_v4_2_ddr_mc_phy
INFO: [VRFC 10-2263] Analyzing Verilog file "/home/fpga/u1_library/k2_smart_eye/smart_eye_upl_exp/mig_7series_0_ex/mig_7series_0_ex.gen/sources_1/ip/mig_7series_0/mig_7series_0/user_design/rtl/phy/mig_7series_v4_2_ddr_phy_ocd_data.v" into library xil_defaultlib
INFO: [VRFC 10-311] analyzing module mig_7series_v4_2_ddr_phy_ocd_data
INFO: [VRFC 10-2263] Analyzing Verilog file "/home/fpga/u1_library/k2_smart_eye/smart_eye_upl_exp/mig_7series_0_ex/mig_7series_0_ex.gen/sources_1/ip/mig_7series_0/mig_7series_0/user_design/rtl/phy/mig_7series_v4_2_ddr_mc_phy_wrapper.v" into library xil_defaultlib
INFO: [VRFC 10-311] analyzing module mig_7series_v4_2_ddr_mc_phy_wrapper
INFO: [VRFC 10-2263] Analyzing Verilog file "/home/fpga/u1_library/k2_smart_eye/smart_eye_upl_exp/mig_7series_0_ex/mig_7series_0_ex.gen/sources_1/ip/mig_7series_0/mig_7series_0/user_design/rtl/phy/mig_7series_v4_2_ddr_phy_ocd_po_cntlr.v" into library xil_defaultlib
INFO: [VRFC 10-311] analyzing module mig_7series_v4_2_ddr_phy_ocd_po_cntlr
INFO: [VRFC 10-2263] Analyzing Verilog file "/home/fpga/u1_library/k2_smart_eye/smart_eye_upl_exp/mig_7series_0_ex/mig_7series_0_ex.gen/sources_1/ip/mig_7series_0/mig_7series_0/user_design/rtl/phy/mig_7series_v4_2_ddr_phy_ocd_mux.v" into library xil_defaultlib
INFO: [VRFC 10-311] analyzing module mig_7series_v4_2_ddr_phy_ocd_mux
INFO: [VRFC 10-2263] Analyzing Verilog file "/home/fpga/u1_library/k2_smart_eye/smart_eye_upl_exp/mig_7series_0_ex/mig_7series_0_ex.gen/sources_1/ip/mig_7series_0/mig_7series_0/user_design/rtl/phy/mig_7series_v4_2_ddr_phy_prbs_rdlvl.v" into library xil_defaultlib
INFO: [VRFC 10-311] analyzing module mig_7series_v4_2_ddr_phy_prbs_rdlvl
INFO: [VRFC 10-2263] Analyzing Verilog file "/home/fpga/u1_library/k2_smart_eye/smart_eye_upl_exp/mig_7series_0_ex/mig_7series_0_ex.gen/sources_1/ip/mig_7series_0/mig_7series_0/user_design/rtl/phy/mig_7series_v4_2_ddr_skip_calib_tap.v" into library xil_defaultlib
INFO: [VRFC 10-311] analyzing module mig_7series_v4_2_ddr_skip_calib_tap
INFO: [VRFC 10-2263] Analyzing Verilog file "/home/fpga/u1_library/k2_smart_eye/smart_eye_upl_exp/mig_7series_0_ex/mig_7series_0_ex.gen/sources_1/ip/mig_7series_0/mig_7series_0/user_design/rtl/phy/mig_7series_v4_2_ddr_phy_dqs_found_cal.v" into library xil_defaultlib
INFO: [VRFC 10-311] analyzing module mig_7series_v4_2_ddr_phy_dqs_found_cal
INFO: [VRFC 10-2263] Analyzing Verilog file "/home/fpga/u1_library/k2_smart_eye/smart_eye_upl_exp/mig_7series_0_ex/mig_7series_0_ex.gen/sources_1/ip/mig_7series_0/mig_7series_0/user_design/rtl/phy/mig_7series_v4_2_ddr_phy_ck_addr_cmd_delay.v" into library xil_defaultlib
INFO: [VRFC 10-311] analyzing module mig_7series_v4_2_ddr_phy_ck_addr_cmd_delay
INFO: [VRFC 10-2263] Analyzing Verilog file "/home/fpga/u1_library/k2_smart_eye/smart_eye_upl_exp/mig_7series_0_ex/mig_7series_0_ex.gen/sources_1/ip/mig_7series_0/mig_7series_0/user_design/rtl/phy/mig_7series_v4_2_ddr_phy_rdlvl.v" into library xil_defaultlib
INFO: [VRFC 10-311] analyzing module mig_7series_v4_2_ddr_phy_rdlvl
INFO: [VRFC 10-2263] Analyzing Verilog file "/home/fpga/u1_library/k2_smart_eye/smart_eye_upl_exp/mig_7series_0_ex/mig_7series_0_ex.gen/sources_1/ip/mig_7series_0/mig_7series_0/user_design/rtl/phy/mig_7series_v4_2_ddr_phy_ocd_samp.v" into library xil_defaultlib
INFO: [VRFC 10-311] analyzing module mig_7series_v4_2_ddr_phy_ocd_samp
INFO: [VRFC 10-2263] Analyzing Verilog file "/home/fpga/u1_library/k2_smart_eye/smart_eye_upl_exp/mig_7series_0_ex/mig_7series_0_ex.gen/sources_1/ip/mig_7series_0/mig_7series_0/user_design/rtl/phy/mig_7series_v4_2_ddr_phy_tempmon.v" into library xil_defaultlib
INFO: [VRFC 10-311] analyzing module mig_7series_v4_2_ddr_phy_tempmon
INFO: [VRFC 10-2263] Analyzing Verilog file "/home/fpga/u1_library/k2_smart_eye/smart_eye_upl_exp/mig_7series_0_ex/mig_7series_0_ex.gen/sources_1/ip/mig_7series_0/mig_7series_0/user_design/rtl/phy/mig_7series_v4_2_ddr_phy_4lanes.v" into library xil_defaultlib
INFO: [VRFC 10-311] analyzing module mig_7series_v4_2_ddr_phy_4lanes
INFO: [VRFC 10-2263] Analyzing Verilog file "/home/fpga/u1_library/k2_smart_eye/smart_eye_upl_exp/mig_7series_0_ex/mig_7series_0_ex.gen/sources_1/ip/mig_7series_0/mig_7series_0/user_design/rtl/phy/mig_7series_v4_2_poc_edge_store.v" into library xil_defaultlib
INFO: [VRFC 10-311] analyzing module mig_7series_v4_2_poc_edge_store
INFO: [VRFC 10-2263] Analyzing Verilog file "/home/fpga/u1_library/k2_smart_eye/smart_eye_upl_exp/mig_7series_0_ex/mig_7series_0_ex.gen/sources_1/ip/mig_7series_0/mig_7series_0/user_design/rtl/phy/mig_7series_v4_2_ddr_phy_top.v" into library xil_defaultlib
INFO: [VRFC 10-311] analyzing module mig_7series_v4_2_ddr_phy_top
INFO: [VRFC 10-2263] Analyzing Verilog file "/home/fpga/u1_library/k2_smart_eye/smart_eye_upl_exp/mig_7series_0_ex/mig_7series_0_ex.gen/sources_1/ip/mig_7series_0/mig_7series_0/user_design/rtl/phy/mig_7series_v4_2_ddr_phy_wrcal.v" into library xil_defaultlib
INFO: [VRFC 10-311] analyzing module mig_7series_v4_2_ddr_phy_wrcal
INFO: [VRFC 10-2263] Analyzing Verilog file "/home/fpga/u1_library/k2_smart_eye/smart_eye_upl_exp/mig_7series_0_ex/mig_7series_0_ex.gen/sources_1/ip/mig_7series_0/mig_7series_0/user_design/rtl/phy/mig_7series_v4_2_ddr_phy_wrlvl_off_delay.v" into library xil_defaultlib
INFO: [VRFC 10-311] analyzing module mig_7series_v4_2_ddr_phy_wrlvl_off_delay
INFO: [VRFC 10-2263] Analyzing Verilog file "/home/fpga/u1_library/k2_smart_eye/smart_eye_upl_exp/mig_7series_0_ex/mig_7series_0_ex.gen/sources_1/ip/mig_7series_0/mig_7series_0/user_design/rtl/phy/mig_7series_v4_2_poc_tap_base.v" into library xil_defaultlib
INFO: [VRFC 10-311] analyzing module mig_7series_v4_2_poc_tap_base
INFO: [VRFC 10-2263] Analyzing Verilog file "/home/fpga/u1_library/k2_smart_eye/smart_eye_upl_exp/mig_7series_0_ex/mig_7series_0_ex.gen/sources_1/ip/mig_7series_0/mig_7series_0/user_design/rtl/phy/mig_7series_v4_2_ddr_byte_lane.v" into library xil_defaultlib
INFO: [VRFC 10-311] analyzing module mig_7series_v4_2_ddr_byte_lane
INFO: [VRFC 10-2263] Analyzing Verilog file "/home/fpga/u1_library/k2_smart_eye/smart_eye_upl_exp/mig_7series_0_ex/mig_7series_0_ex.gen/sources_1/ip/mig_7series_0/mig_7series_0/user_design/rtl/phy/mig_7series_v4_2_ddr_phy_dqs_found_cal_hr.v" into library xil_defaultlib
INFO: [VRFC 10-311] analyzing module mig_7series_v4_2_ddr_phy_dqs_found_cal_hr
INFO: [VRFC 10-2263] Analyzing Verilog file "/home/fpga/u1_library/k2_smart_eye/smart_eye_upl_exp/mig_7series_0_ex/mig_7series_0_ex.gen/sources_1/ip/mig_7series_0/mig_7series_0/user_design/rtl/phy/mig_7series_v4_2_ddr_of_pre_fifo.v" into library xil_defaultlib
INFO: [VRFC 10-311] analyzing module mig_7series_v4_2_ddr_of_pre_fifo
INFO: [VRFC 10-2263] Analyzing Verilog file "/home/fpga/u1_library/k2_smart_eye/smart_eye_upl_exp/mig_7series_0_ex/mig_7series_0_ex.gen/sources_1/ip/mig_7series_0/mig_7series_0/user_design/rtl/phy/mig_7series_v4_2_poc_meta.v" into library xil_defaultlib
INFO: [VRFC 10-311] analyzing module mig_7series_v4_2_poc_meta
INFO: [VRFC 10-2263] Analyzing Verilog file "/home/fpga/u1_library/k2_smart_eye/smart_eye_upl_exp/mig_7series_0_ex/mig_7series_0_ex.gen/sources_1/ip/mig_7series_0/mig_7series_0/user_design/rtl/phy/mig_7series_v4_2_ddr_phy_ocd_cntlr.v" into library xil_defaultlib
INFO: [VRFC 10-311] analyzing module mig_7series_v4_2_ddr_phy_ocd_cntlr
INFO: [VRFC 10-2263] Analyzing Verilog file "/home/fpga/u1_library/k2_smart_eye/smart_eye_upl_exp/mig_7series_0_ex/mig_7series_0_ex.gen/sources_1/ip/mig_7series_0/mig_7series_0/user_design/rtl/clocking/mig_7series_v4_2_infrastructure.v" into library xil_defaultlib
INFO: [VRFC 10-311] analyzing module mig_7series_v4_2_infrastructure
INFO: [VRFC 10-2263] Analyzing Verilog file "/home/fpga/u1_library/k2_smart_eye/smart_eye_upl_exp/mig_7series_0_ex/mig_7series_0_ex.gen/sources_1/ip/mig_7series_0/mig_7series_0/user_design/rtl/clocking/mig_7series_v4_2_clk_ibuf.v" into library xil_defaultlib
INFO: [VRFC 10-311] analyzing module mig_7series_v4_2_clk_ibuf
INFO: [VRFC 10-2263] Analyzing Verilog file "/home/fpga/u1_library/k2_smart_eye/smart_eye_upl_exp/mig_7series_0_ex/mig_7series_0_ex.gen/sources_1/ip/mig_7series_0/mig_7series_0/user_design/rtl/clocking/mig_7series_v4_2_tempmon.v" into library xil_defaultlib
INFO: [VRFC 10-311] analyzing module mig_7series_v4_2_tempmon
INFO: [VRFC 10-2263] Analyzing Verilog file "/home/fpga/u1_library/k2_smart_eye/smart_eye_upl_exp/mig_7series_0_ex/mig_7series_0_ex.gen/sources_1/ip/mig_7series_0/mig_7series_0/user_design/rtl/clocking/mig_7series_v4_2_iodelay_ctrl.v" into library xil_defaultlib
INFO: [VRFC 10-311] analyzing module mig_7series_v4_2_iodelay_ctrl
INFO: [VRFC 10-2263] Analyzing Verilog file "/home/fpga/u1_library/k2_smart_eye/smart_eye_upl_exp/mig_7series_0_ex/mig_7series_0_ex.gen/sources_1/ip/mig_7series_0/mig_7series_0/user_design/rtl/ecc/mig_7series_v4_2_ecc_merge_enc.v" into library xil_defaultlib
INFO: [VRFC 10-311] analyzing module mig_7series_v4_2_ecc_merge_enc
INFO: [VRFC 10-2263] Analyzing Verilog file "/home/fpga/u1_library/k2_smart_eye/smart_eye_upl_exp/mig_7series_0_ex/mig_7series_0_ex.gen/sources_1/ip/mig_7series_0/mig_7series_0/user_design/rtl/ecc/mig_7series_v4_2_ecc_buf.v" into library xil_defaultlib
INFO: [VRFC 10-311] analyzing module mig_7series_v4_2_ecc_buf
INFO: [VRFC 10-2263] Analyzing Verilog file "/home/fpga/u1_library/k2_smart_eye/smart_eye_upl_exp/mig_7series_0_ex/mig_7series_0_ex.gen/sources_1/ip/mig_7series_0/mig_7series_0/user_design/rtl/ecc/mig_7series_v4_2_ecc_dec_fix.v" into library xil_defaultlib
INFO: [VRFC 10-311] analyzing module mig_7series_v4_2_ecc_dec_fix
INFO: [VRFC 10-2263] Analyzing Verilog file "/home/fpga/u1_library/k2_smart_eye/smart_eye_upl_exp/mig_7series_0_ex/mig_7series_0_ex.gen/sources_1/ip/mig_7series_0/mig_7series_0/user_design/rtl/ecc/mig_7series_v4_2_fi_xor.v" into library xil_defaultlib
INFO: [VRFC 10-311] analyzing module mig_7series_v4_2_fi_xor
INFO: [VRFC 10-2263] Analyzing Verilog file "/home/fpga/u1_library/k2_smart_eye/smart_eye_upl_exp/mig_7series_0_ex/mig_7series_0_ex.gen/sources_1/ip/mig_7series_0/mig_7series_0/user_design/rtl/ecc/mig_7series_v4_2_ecc_gen.v" into library xil_defaultlib
INFO: [VRFC 10-311] analyzing module mig_7series_v4_2_ecc_gen
INFO: [VRFC 10-2263] Analyzing Verilog file "/home/fpga/u1_library/k2_smart_eye/smart_eye_upl_exp/mig_7series_0_ex/mig_7series_0_ex.gen/sources_1/ip/mig_7series_0/mig_7series_0/user_design/rtl/ip_top/mig_7series_v4_2_memc_ui_top_axi.v" into library xil_defaultlib
INFO: [VRFC 10-311] analyzing module mig_7series_v4_2_memc_ui_top_axi
INFO: [VRFC 10-2263] Analyzing Verilog file "/home/fpga/u1_library/k2_smart_eye/smart_eye_upl_exp/mig_7series_0_ex/mig_7series_0_ex.gen/sources_1/ip/mig_7series_0/mig_7series_0/user_design/rtl/ip_top/mig_7series_v4_2_mem_intfc.v" into library xil_defaultlib
INFO: [VRFC 10-311] analyzing module mig_7series_v4_2_mem_intfc
INFO: [VRFC 10-2263] Analyzing Verilog file "/home/fpga/u1_library/k2_smart_eye/smart_eye_upl_exp/mig_7series_0_ex/mig_7series_0_ex.gen/sources_1/ip/mig_7series_0/mig_7series_0/user_design/rtl/controller/mig_7series_v4_2_rank_mach.v" into library xil_defaultlib
INFO: [VRFC 10-311] analyzing module mig_7series_v4_2_rank_mach
INFO: [VRFC 10-2263] Analyzing Verilog file "/home/fpga/u1_library/k2_smart_eye/smart_eye_upl_exp/mig_7series_0_ex/mig_7series_0_ex.gen/sources_1/ip/mig_7series_0/mig_7series_0/user_design/rtl/controller/mig_7series_v4_2_arb_select.v" into library xil_defaultlib
INFO: [VRFC 10-311] analyzing module mig_7series_v4_2_arb_select
INFO: [VRFC 10-2263] Analyzing Verilog file "/home/fpga/u1_library/k2_smart_eye/smart_eye_upl_exp/mig_7series_0_ex/mig_7series_0_ex.gen/sources_1/ip/mig_7series_0/mig_7series_0/user_design/rtl/controller/mig_7series_v4_2_rank_common.v" into library xil_defaultlib
INFO: [VRFC 10-311] analyzing module mig_7series_v4_2_rank_common
INFO: [VRFC 10-2263] Analyzing Verilog file "/home/fpga/u1_library/k2_smart_eye/smart_eye_upl_exp/mig_7series_0_ex/mig_7series_0_ex.gen/sources_1/ip/mig_7series_0/mig_7series_0/user_design/rtl/controller/mig_7series_v4_2_bank_queue.v" into library xil_defaultlib
INFO: [VRFC 10-311] analyzing module mig_7series_v4_2_bank_queue
INFO: [VRFC 10-2263] Analyzing Verilog file "/home/fpga/u1_library/k2_smart_eye/smart_eye_upl_exp/mig_7series_0_ex/mig_7series_0_ex.gen/sources_1/ip/mig_7series_0/mig_7series_0/user_design/rtl/controller/mig_7series_v4_2_arb_mux.v" into library xil_defaultlib
INFO: [VRFC 10-311] analyzing module mig_7series_v4_2_arb_mux
INFO: [VRFC 10-2263] Analyzing Verilog file "/home/fpga/u1_library/k2_smart_eye/smart_eye_upl_exp/mig_7series_0_ex/mig_7series_0_ex.gen/sources_1/ip/mig_7series_0/mig_7series_0/user_design/rtl/controller/mig_7series_v4_2_mc.v" into library xil_defaultlib
INFO: [VRFC 10-311] analyzing module mig_7series_v4_2_mc
INFO: [VRFC 10-2263] Analyzing Verilog file "/home/fpga/u1_library/k2_smart_eye/smart_eye_upl_exp/mig_7series_0_ex/mig_7series_0_ex.gen/sources_1/ip/mig_7series_0/mig_7series_0/user_design/rtl/controller/mig_7series_v4_2_bank_cntrl.v" into library xil_defaultlib
INFO: [VRFC 10-311] analyzing module mig_7series_v4_2_bank_cntrl
INFO: [VRFC 10-2263] Analyzing Verilog file "/home/fpga/u1_library/k2_smart_eye/smart_eye_upl_exp/mig_7series_0_ex/mig_7series_0_ex.gen/sources_1/ip/mig_7series_0/mig_7series_0/user_design/rtl/controller/mig_7series_v4_2_bank_state.v" into library xil_defaultlib
INFO: [VRFC 10-311] analyzing module mig_7series_v4_2_bank_state
INFO: [VRFC 10-2263] Analyzing Verilog file "/home/fpga/u1_library/k2_smart_eye/smart_eye_upl_exp/mig_7series_0_ex/mig_7series_0_ex.gen/sources_1/ip/mig_7series_0/mig_7series_0/user_design/rtl/controller/mig_7series_v4_2_bank_compare.v" into library xil_defaultlib
INFO: [VRFC 10-311] analyzing module mig_7series_v4_2_bank_compare
INFO: [VRFC 10-2263] Analyzing Verilog file "/home/fpga/u1_library/k2_smart_eye/smart_eye_upl_exp/mig_7series_0_ex/mig_7series_0_ex.gen/sources_1/ip/mig_7series_0/mig_7series_0/user_design/rtl/controller/mig_7series_v4_2_col_mach.v" into library xil_defaultlib
INFO: [VRFC 10-311] analyzing module mig_7series_v4_2_col_mach
INFO: [VRFC 10-2263] Analyzing Verilog file "/home/fpga/u1_library/k2_smart_eye/smart_eye_upl_exp/mig_7series_0_ex/mig_7series_0_ex.gen/sources_1/ip/mig_7series_0/mig_7series_0/user_design/rtl/controller/mig_7series_v4_2_arb_row_col.v" into library xil_defaultlib
INFO: [VRFC 10-311] analyzing module mig_7series_v4_2_arb_row_col
WARNING: [VRFC 10-8332] begin/end is required for generate-for in this mode of Verilog [/home/fpga/u1_library/k2_smart_eye/smart_eye_upl_exp/mig_7series_0_ex/mig_7series_0_ex.gen/sources_1/ip/mig_7series_0/mig_7series_0/user_design/rtl/controller/mig_7series_v4_2_arb_row_col.v:252]
INFO: [VRFC 10-2263] Analyzing Verilog file "/home/fpga/u1_library/k2_smart_eye/smart_eye_upl_exp/mig_7series_0_ex/mig_7series_0_ex.gen/sources_1/ip/mig_7series_0/mig_7series_0/user_design/rtl/controller/mig_7series_v4_2_bank_mach.v" into library xil_defaultlib
INFO: [VRFC 10-311] analyzing module mig_7series_v4_2_bank_mach
INFO: [VRFC 10-2263] Analyzing Verilog file "/home/fpga/u1_library/k2_smart_eye/smart_eye_upl_exp/mig_7series_0_ex/mig_7series_0_ex.gen/sources_1/ip/mig_7series_0/mig_7series_0/user_design/rtl/controller/mig_7series_v4_2_round_robin_arb.v" into library xil_defaultlib
INFO: [VRFC 10-311] analyzing module mig_7series_v4_2_round_robin_arb
INFO: [VRFC 10-2263] Analyzing Verilog file "/home/fpga/u1_library/k2_smart_eye/smart_eye_upl_exp/mig_7series_0_ex/mig_7series_0_ex.gen/sources_1/ip/mig_7series_0/mig_7series_0/user_design/rtl/controller/mig_7series_v4_2_bank_common.v" into library xil_defaultlib
INFO: [VRFC 10-311] analyzing module mig_7series_v4_2_bank_common
INFO: [VRFC 10-2263] Analyzing Verilog file "/home/fpga/u1_library/k2_smart_eye/smart_eye_upl_exp/mig_7series_0_ex/mig_7series_0_ex.gen/sources_1/ip/mig_7series_0/mig_7series_0/user_design/rtl/controller/mig_7series_v4_2_rank_cntrl.v" into library xil_defaultlib
INFO: [VRFC 10-311] analyzing module mig_7series_v4_2_rank_cntrl
INFO: [VRFC 10-2263] Analyzing Verilog file "/home/fpga/u1_library/k2_smart_eye/smart_eye_upl_exp/mig_7series_0_ex/mig_7series_0_ex.gen/sources_1/ip/mig_7series_0/mig_7series_0/user_design/rtl/axi/mig_7series_v4_2_ddr_comparator_sel.v" into library xil_defaultlib
INFO: [VRFC 10-311] analyzing module mig_7series_v4_2_ddr_comparator_sel
INFO: [VRFC 10-2263] Analyzing Verilog file "/home/fpga/u1_library/k2_smart_eye/smart_eye_upl_exp/mig_7series_0_ex/mig_7series_0_ex.gen/sources_1/ip/mig_7series_0/mig_7series_0/user_design/rtl/axi/mig_7series_v4_2_axi_ctrl_top.v" into library xil_defaultlib
INFO: [VRFC 10-311] analyzing module mig_7series_v4_2_axi_ctrl_top
INFO: [VRFC 10-2263] Analyzing Verilog file "/home/fpga/u1_library/k2_smart_eye/smart_eye_upl_exp/mig_7series_0_ex/mig_7series_0_ex.gen/sources_1/ip/mig_7series_0/mig_7series_0/user_design/rtl/axi/mig_7series_v4_2_ddr_axic_register_slice.v" into library xil_defaultlib
INFO: [VRFC 10-311] analyzing module mig_7series_v4_2_ddr_axic_register_slice
INFO: [VRFC 10-2263] Analyzing Verilog file "/home/fpga/u1_library/k2_smart_eye/smart_eye_upl_exp/mig_7series_0_ex/mig_7series_0_ex.gen/sources_1/ip/mig_7series_0/mig_7series_0/user_design/rtl/axi/mig_7series_v4_2_ddr_axi_upsizer.v" into library xil_defaultlib
INFO: [VRFC 10-311] analyzing module mig_7series_v4_2_ddr_axi_upsizer
INFO: [VRFC 10-2263] Analyzing Verilog file "/home/fpga/u1_library/k2_smart_eye/smart_eye_upl_exp/mig_7series_0_ex/mig_7series_0_ex.gen/sources_1/ip/mig_7series_0/mig_7series_0/user_design/rtl/axi/mig_7series_v4_2_axi_mc_cmd_fsm.v" into library xil_defaultlib
INFO: [VRFC 10-311] analyzing module mig_7series_v4_2_axi_mc_cmd_fsm
INFO: [VRFC 10-2263] Analyzing Verilog file "/home/fpga/u1_library/k2_smart_eye/smart_eye_upl_exp/mig_7series_0_ex/mig_7series_0_ex.gen/sources_1/ip/mig_7series_0/mig_7series_0/user_design/rtl/axi/mig_7series_v4_2_axi_mc_b_channel.v" into library xil_defaultlib
INFO: [VRFC 10-311] analyzing module mig_7series_v4_2_axi_mc_b_channel
INFO: [VRFC 10-2263] Analyzing Verilog file "/home/fpga/u1_library/k2_smart_eye/smart_eye_upl_exp/mig_7series_0_ex/mig_7series_0_ex.gen/sources_1/ip/mig_7series_0/mig_7series_0/user_design/rtl/axi/mig_7series_v4_2_axi_mc_r_channel.v" into library xil_defaultlib
INFO: [VRFC 10-311] analyzing module mig_7series_v4_2_axi_mc_r_channel
INFO: [VRFC 10-2263] Analyzing Verilog file "/home/fpga/u1_library/k2_smart_eye/smart_eye_upl_exp/mig_7series_0_ex/mig_7series_0_ex.gen/sources_1/ip/mig_7series_0/mig_7series_0/user_design/rtl/axi/mig_7series_v4_2_ddr_comparator_sel_static.v" into library xil_defaultlib
INFO: [VRFC 10-311] analyzing module mig_7series_v4_2_ddr_comparator_sel_static
INFO: [VRFC 10-2263] Analyzing Verilog file "/home/fpga/u1_library/k2_smart_eye/smart_eye_upl_exp/mig_7series_0_ex/mig_7series_0_ex.gen/sources_1/ip/mig_7series_0/mig_7series_0/user_design/rtl/axi/mig_7series_v4_2_axi_mc_wrap_cmd.v" into library xil_defaultlib
INFO: [VRFC 10-311] analyzing module mig_7series_v4_2_axi_mc_wrap_cmd
INFO: [VRFC 10-2263] Analyzing Verilog file "/home/fpga/u1_library/k2_smart_eye/smart_eye_upl_exp/mig_7series_0_ex/mig_7series_0_ex.gen/sources_1/ip/mig_7series_0/mig_7series_0/user_design/rtl/axi/mig_7series_v4_2_axi_mc_ar_channel.v" into library xil_defaultlib
INFO: [VRFC 10-311] analyzing module mig_7series_v4_2_axi_mc_ar_channel
INFO: [VRFC 10-2263] Analyzing Verilog file "/home/fpga/u1_library/k2_smart_eye/smart_eye_upl_exp/mig_7series_0_ex/mig_7series_0_ex.gen/sources_1/ip/mig_7series_0/mig_7series_0/user_design/rtl/axi/mig_7series_v4_2_axi_mc_aw_channel.v" into library xil_defaultlib
INFO: [VRFC 10-311] analyzing module mig_7series_v4_2_axi_mc_aw_channel
INFO: [VRFC 10-2263] Analyzing Verilog file "/home/fpga/u1_library/k2_smart_eye/smart_eye_upl_exp/mig_7series_0_ex/mig_7series_0_ex.gen/sources_1/ip/mig_7series_0/mig_7series_0/user_design/rtl/axi/mig_7series_v4_2_ddr_axi_register_slice.v" into library xil_defaultlib
INFO: [VRFC 10-311] analyzing module mig_7series_v4_2_ddr_axi_register_slice
INFO: [VRFC 10-2263] Analyzing Verilog file "/home/fpga/u1_library/k2_smart_eye/smart_eye_upl_exp/mig_7series_0_ex/mig_7series_0_ex.gen/sources_1/ip/mig_7series_0/mig_7series_0/user_design/rtl/axi/mig_7series_v4_2_ddr_command_fifo.v" into library xil_defaultlib
INFO: [VRFC 10-311] analyzing module mig_7series_v4_2_ddr_command_fifo
INFO: [VRFC 10-2263] Analyzing Verilog file "/home/fpga/u1_library/k2_smart_eye/smart_eye_upl_exp/mig_7series_0_ex/mig_7series_0_ex.gen/sources_1/ip/mig_7series_0/mig_7series_0/user_design/rtl/axi/mig_7series_v4_2_axi_mc_cmd_translator.v" into library xil_defaultlib
INFO: [VRFC 10-311] analyzing module mig_7series_v4_2_axi_mc_cmd_translator
INFO: [VRFC 10-2263] Analyzing Verilog file "/home/fpga/u1_library/k2_smart_eye/smart_eye_upl_exp/mig_7series_0_ex/mig_7series_0_ex.gen/sources_1/ip/mig_7series_0/mig_7series_0/user_design/rtl/axi/mig_7series_v4_2_ddr_carry_or.v" into library xil_defaultlib
INFO: [VRFC 10-311] analyzing module mig_7series_v4_2_ddr_carry_or
INFO: [VRFC 10-2263] Analyzing Verilog file "/home/fpga/u1_library/k2_smart_eye/smart_eye_upl_exp/mig_7series_0_ex/mig_7series_0_ex.gen/sources_1/ip/mig_7series_0/mig_7series_0/user_design/rtl/axi/mig_7series_v4_2_axi_ctrl_addr_decode.v" into library xil_defaultlib
INFO: [VRFC 10-311] analyzing module mig_7series_v4_2_axi_ctrl_addr_decode
INFO: [VRFC 10-2263] Analyzing Verilog file "/home/fpga/u1_library/k2_smart_eye/smart_eye_upl_exp/mig_7series_0_ex/mig_7series_0_ex.gen/sources_1/ip/mig_7series_0/mig_7series_0/user_design/rtl/axi/mig_7series_v4_2_axi_mc_wr_cmd_fsm.v" into library xil_defaultlib
INFO: [VRFC 10-311] analyzing module mig_7series_v4_2_axi_mc_wr_cmd_fsm
INFO: [VRFC 10-2263] Analyzing Verilog file "/home/fpga/u1_library/k2_smart_eye/smart_eye_upl_exp/mig_7series_0_ex/mig_7series_0_ex.gen/sources_1/ip/mig_7series_0/mig_7series_0/user_design/rtl/axi/mig_7series_v4_2_axi_mc.v" into library xil_defaultlib
INFO: [VRFC 10-311] analyzing module mig_7series_v4_2_axi_mc
INFO: [VRFC 10-2263] Analyzing Verilog file "/home/fpga/u1_library/k2_smart_eye/smart_eye_upl_exp/mig_7series_0_ex/mig_7series_0_ex.gen/sources_1/ip/mig_7series_0/mig_7series_0/user_design/rtl/axi/mig_7series_v4_2_axi_ctrl_read.v" into library xil_defaultlib
INFO: [VRFC 10-311] analyzing module mig_7series_v4_2_axi_ctrl_read
INFO: [VRFC 10-2263] Analyzing Verilog file "/home/fpga/u1_library/k2_smart_eye/smart_eye_upl_exp/mig_7series_0_ex/mig_7series_0_ex.gen/sources_1/ip/mig_7series_0/mig_7series_0/user_design/rtl/axi/mig_7series_v4_2_axi_mc_cmd_arbiter.v" into library xil_defaultlib
INFO: [VRFC 10-311] analyzing module mig_7series_v4_2_axi_mc_cmd_arbiter
INFO: [VRFC 10-2263] Analyzing Verilog file "/home/fpga/u1_library/k2_smart_eye/smart_eye_upl_exp/mig_7series_0_ex/mig_7series_0_ex.gen/sources_1/ip/mig_7series_0/mig_7series_0/user_design/rtl/axi/mig_7series_v4_2_ddr_a_upsizer.v" into library xil_defaultlib
INFO: [VRFC 10-311] analyzing module mig_7series_v4_2_ddr_a_upsizer
INFO: [VRFC 10-2263] Analyzing Verilog file "/home/fpga/u1_library/k2_smart_eye/smart_eye_upl_exp/mig_7series_0_ex/mig_7series_0_ex.gen/sources_1/ip/mig_7series_0/mig_7series_0/user_design/rtl/axi/mig_7series_v4_2_ddr_r_upsizer.v" into library xil_defaultlib
INFO: [VRFC 10-311] analyzing module mig_7series_v4_2_ddr_r_upsizer
INFO: [VRFC 10-2263] Analyzing Verilog file "/home/fpga/u1_library/k2_smart_eye/smart_eye_upl_exp/mig_7series_0_ex/mig_7series_0_ex.gen/sources_1/ip/mig_7series_0/mig_7series_0/user_design/rtl/axi/mig_7series_v4_2_axi_mc_incr_cmd.v" into library xil_defaultlib
INFO: [VRFC 10-311] analyzing module mig_7series_v4_2_axi_mc_incr_cmd
INFO: [VRFC 10-2263] Analyzing Verilog file "/home/fpga/u1_library/k2_smart_eye/smart_eye_upl_exp/mig_7series_0_ex/mig_7series_0_ex.gen/sources_1/ip/mig_7series_0/mig_7series_0/user_design/rtl/axi/mig_7series_v4_2_axi_mc_fifo.v" into library xil_defaultlib
INFO: [VRFC 10-311] analyzing module mig_7series_v4_2_axi_mc_fifo
INFO: [VRFC 10-2263] Analyzing Verilog file "/home/fpga/u1_library/k2_smart_eye/smart_eye_upl_exp/mig_7series_0_ex/mig_7series_0_ex.gen/sources_1/ip/mig_7series_0/mig_7series_0/user_design/rtl/axi/mig_7series_v4_2_axi_ctrl_reg_bank.v" into library xil_defaultlib
INFO: [VRFC 10-311] analyzing module mig_7series_v4_2_axi_ctrl_reg_bank
INFO: [VRFC 10-2263] Analyzing Verilog file "/home/fpga/u1_library/k2_smart_eye/smart_eye_upl_exp/mig_7series_0_ex/mig_7series_0_ex.gen/sources_1/ip/mig_7series_0/mig_7series_0/user_design/rtl/axi/mig_7series_v4_2_axi_mc_simple_fifo.v" into library xil_defaultlib
INFO: [VRFC 10-311] analyzing module mig_7series_v4_2_axi_mc_simple_fifo
INFO: [VRFC 10-2263] Analyzing Verilog file "/home/fpga/u1_library/k2_smart_eye/smart_eye_upl_exp/mig_7series_0_ex/mig_7series_0_ex.gen/sources_1/ip/mig_7series_0/mig_7series_0/user_design/rtl/axi/mig_7series_v4_2_ddr_w_upsizer.v" into library xil_defaultlib
INFO: [VRFC 10-311] analyzing module mig_7series_v4_2_ddr_w_upsizer
INFO: [VRFC 10-2263] Analyzing Verilog file "/home/fpga/u1_library/k2_smart_eye/smart_eye_upl_exp/mig_7series_0_ex/mig_7series_0_ex.gen/sources_1/ip/mig_7series_0/mig_7series_0/user_design/rtl/axi/mig_7series_v4_2_axi_mc_w_channel.v" into library xil_defaultlib
INFO: [VRFC 10-311] analyzing module mig_7series_v4_2_axi_mc_w_channel
INFO: [VRFC 10-2263] Analyzing Verilog file "/home/fpga/u1_library/k2_smart_eye/smart_eye_upl_exp/mig_7series_0_ex/mig_7series_0_ex.gen/sources_1/ip/mig_7series_0/mig_7series_0/user_design/rtl/axi/mig_7series_v4_2_ddr_carry_latch_and.v" into library xil_defaultlib
INFO: [VRFC 10-311] analyzing module mig_7series_v4_2_ddr_carry_latch_and
INFO: [VRFC 10-2263] Analyzing Verilog file "/home/fpga/u1_library/k2_smart_eye/smart_eye_upl_exp/mig_7series_0_ex/mig_7series_0_ex.gen/sources_1/ip/mig_7series_0/mig_7series_0/user_design/rtl/axi/mig_7series_v4_2_ddr_carry_latch_or.v" into library xil_defaultlib
INFO: [VRFC 10-311] analyzing module mig_7series_v4_2_ddr_carry_latch_or
INFO: [VRFC 10-2263] Analyzing Verilog file "/home/fpga/u1_library/k2_smart_eye/smart_eye_upl_exp/mig_7series_0_ex/mig_7series_0_ex.gen/sources_1/ip/mig_7series_0/mig_7series_0/user_design/rtl/axi/mig_7series_v4_2_ddr_comparator.v" into library xil_defaultlib
INFO: [VRFC 10-311] analyzing module mig_7series_v4_2_ddr_comparator
INFO: [VRFC 10-2263] Analyzing Verilog file "/home/fpga/u1_library/k2_smart_eye/smart_eye_upl_exp/mig_7series_0_ex/mig_7series_0_ex.gen/sources_1/ip/mig_7series_0/mig_7series_0/user_design/rtl/axi/mig_7series_v4_2_axi_ctrl_reg.v" into library xil_defaultlib
INFO: [VRFC 10-311] analyzing module mig_7series_v4_2_axi_ctrl_reg
INFO: [VRFC 10-2263] Analyzing Verilog file "/home/fpga/u1_library/k2_smart_eye/smart_eye_upl_exp/mig_7series_0_ex/mig_7series_0_ex.gen/sources_1/ip/mig_7series_0/mig_7series_0/user_design/rtl/axi/mig_7series_v4_2_axi_ctrl_write.v" into library xil_defaultlib
INFO: [VRFC 10-311] analyzing module mig_7series_v4_2_axi_ctrl_write
INFO: [VRFC 10-2263] Analyzing Verilog file "/home/fpga/u1_library/k2_smart_eye/smart_eye_upl_exp/mig_7series_0_ex/mig_7series_0_ex.gen/sources_1/ip/mig_7series_0/mig_7series_0/user_design/rtl/axi/mig_7series_v4_2_ddr_carry_and.v" into library xil_defaultlib
INFO: [VRFC 10-311] analyzing module mig_7series_v4_2_ddr_carry_and
INFO: [VRFC 10-2263] Analyzing Verilog file "/home/fpga/u1_library/k2_smart_eye/smart_eye_upl_exp/mig_7series_0_ex/mig_7series_0_ex.gen/sources_1/ip/mig_7series_0/mig_7series_0/user_design/rtl/mig_7series_0_mig_sim.v" into library xil_defaultlib
INFO: [VRFC 10-311] analyzing module mig_7series_0_mig
INFO: [VRFC 10-2458] undeclared symbol dbg_sel_po_incdec, assumed default net type wire [/home/fpga/u1_library/k2_smart_eye/smart_eye_upl_exp/mig_7series_0_ex/mig_7series_0_ex.gen/sources_1/ip/mig_7series_0/mig_7series_0/user_design/rtl/mig_7series_0_mig_sim.v:1220]
INFO: [VRFC 10-2458] undeclared symbol dbg_po_f_inc, assumed default net type wire [/home/fpga/u1_library/k2_smart_eye/smart_eye_upl_exp/mig_7series_0_ex/mig_7series_0_ex.gen/sources_1/ip/mig_7series_0/mig_7series_0/user_design/rtl/mig_7series_0_mig_sim.v:1224]
INFO: [VRFC 10-2458] undeclared symbol dbg_po_f_stg23_sel, assumed default net type wire [/home/fpga/u1_library/k2_smart_eye/smart_eye_upl_exp/mig_7series_0_ex/mig_7series_0_ex.gen/sources_1/ip/mig_7series_0/mig_7series_0/user_design/rtl/mig_7series_0_mig_sim.v:1225]
INFO: [VRFC 10-2458] undeclared symbol dbg_po_f_dec, assumed default net type wire [/home/fpga/u1_library/k2_smart_eye/smart_eye_upl_exp/mig_7series_0_ex/mig_7series_0_ex.gen/sources_1/ip/mig_7series_0/mig_7series_0/user_design/rtl/mig_7series_0_mig_sim.v:1226]
INFO: [VRFC 10-2263] Analyzing Verilog file "/home/fpga/u1_library/k2_smart_eye/smart_eye_upl_exp/mig_7series_0_ex/mig_7series_0_ex.gen/sources_1/ip/mig_7series_0/mig_7series_0/user_design/rtl/mig_7series_0.v" into library xil_defaultlib
INFO: [VRFC 10-311] analyzing module mig_7series_0
INFO: [VRFC 10-2263] Analyzing Verilog file "/home/fpga/u1_library/k2_smart_eye/smart_eye_upl_exp/mig_7series_0_ex/imports/example_top.v" into library xil_defaultlib
INFO: [VRFC 10-311] analyzing module example_top
INFO: [VRFC 10-2458] undeclared symbol s_axi_wid, assumed default net type wire [/home/fpga/u1_library/k2_smart_eye/smart_eye_upl_exp/mig_7series_0_ex/imports/example_top.v:551]
INFO: [VRFC 10-2458] undeclared symbol dbg_sel_pi_incdec, assumed default net type wire [/home/fpga/u1_library/k2_smart_eye/smart_eye_upl_exp/mig_7series_0_ex/imports/example_top.v:609]
INFO: [VRFC 10-2458] undeclared symbol dbg_sel_po_incdec, assumed default net type wire [/home/fpga/u1_library/k2_smart_eye/smart_eye_upl_exp/mig_7series_0_ex/imports/example_top.v:610]
INFO: [VRFC 10-2458] undeclared symbol dbg_pi_f_inc, assumed default net type wire [/home/fpga/u1_library/k2_smart_eye/smart_eye_upl_exp/mig_7series_0_ex/imports/example_top.v:611]
INFO: [VRFC 10-2458] undeclared symbol dbg_pi_f_dec, assumed default net type wire [/home/fpga/u1_library/k2_smart_eye/smart_eye_upl_exp/mig_7series_0_ex/imports/example_top.v:612]
INFO: [VRFC 10-2458] undeclared symbol dbg_po_f_inc, assumed default net type wire [/home/fpga/u1_library/k2_smart_eye/smart_eye_upl_exp/mig_7series_0_ex/imports/example_top.v:613]
INFO: [VRFC 10-2458] undeclared symbol dbg_po_f_dec, assumed default net type wire [/home/fpga/u1_library/k2_smart_eye/smart_eye_upl_exp/mig_7series_0_ex/imports/example_top.v:614]
INFO: [VRFC 10-2458] undeclared symbol dbg_po_f_stg23_sel, assumed default net type wire [/home/fpga/u1_library/k2_smart_eye/smart_eye_upl_exp/mig_7series_0_ex/imports/example_top.v:615]
INFO: [VRFC 10-2458] undeclared symbol po_win_tg_rst, assumed default net type wire [/home/fpga/u1_library/k2_smart_eye/smart_eye_upl_exp/mig_7series_0_ex/imports/example_top.v:616]
INFO: [VRFC 10-2458] undeclared symbol vio_tg_rst, assumed default net type wire [/home/fpga/u1_library/k2_smart_eye/smart_eye_upl_exp/mig_7series_0_ex/imports/example_top.v:617]
INFO: [VRFC 10-2263] Analyzing Verilog file "/home/fpga/u1_library/k2_smart_eye/smart_eye_upl_exp/mig_7series_0_ex/imports/mig_7series_v4_2_axi4_tg.v" into library xil_defaultlib
INFO: [VRFC 10-311] analyzing module mig_7series_v4_2_axi4_tg
INFO: [VRFC 10-2263] Analyzing Verilog file "/home/fpga/u1_library/k2_smart_eye/smart_eye_upl_exp/mig_7series_0_ex/imports/mig_7series_v4_2_axi4_wrapper.v" into library xil_defaultlib
INFO: [VRFC 10-311] analyzing module mig_7series_v4_2_axi4_wrapper
INFO: [VRFC 10-2458] undeclared symbol awid, assumed default net type wire [/home/fpga/u1_library/k2_smart_eye/smart_eye_upl_exp/mig_7series_0_ex/imports/mig_7series_v4_2_axi4_wrapper.v:478]
INFO: [VRFC 10-2263] Analyzing Verilog file "/home/fpga/u1_library/k2_smart_eye/smart_eye_upl_exp/mig_7series_0_ex/imports/mig_7series_v4_2_cmd_prbs_gen_axi.v" into library xil_defaultlib
INFO: [VRFC 10-311] analyzing module mig_7series_v4_2_cmd_prbs_gen_axi
INFO: [VRFC 10-2263] Analyzing Verilog file "/home/fpga/u1_library/k2_smart_eye/smart_eye_upl_exp/mig_7series_0_ex/imports/mig_7series_v4_2_data_gen_chk.v" into library xil_defaultlib
INFO: [VRFC 10-311] analyzing module mig_7series_v4_2_data_gen_chk
INFO: [VRFC 10-2263] Analyzing Verilog file "/home/fpga/u1_library/k2_smart_eye/smart_eye_upl_exp/mig_7series_0_ex/imports/mig_7series_v4_2_tg.v" into library xil_defaultlib
INFO: [VRFC 10-311] analyzing module mig_7series_v4_2_tg
INFO: [VRFC 10-2458] undeclared symbol agen_init, assumed default net type wire [/home/fpga/u1_library/k2_smart_eye/smart_eye_upl_exp/mig_7series_0_ex/imports/mig_7series_v4_2_tg.v:381]
INFO: [VRFC 10-2458] undeclared symbol cgen_init, assumed default net type wire [/home/fpga/u1_library/k2_smart_eye/smart_eye_upl_exp/mig_7series_0_ex/imports/mig_7series_v4_2_tg.v:382]
INFO: [VRFC 10-2263] Analyzing Verilog file "/home/fpga/u1_library/k2_smart_eye/smart_eye_upl_exp/mig_7series_0_ex/imports/wiredly.v" into library xil_defaultlib
INFO: [VRFC 10-311] analyzing module WireDelay
INFO: [VRFC 10-2263] Analyzing SystemVerilog file "/home/fpga/u1_library/k2_smart_eye/smart_eye_upl_exp/mig_7series_0_ex/imports/ddr3_model.sv" into library xil_defaultlib
INFO: [VRFC 10-311] analyzing module ddr3_model
INFO: [VRFC 10-2263] Analyzing Verilog file "/home/fpga/u1_library/k2_smart_eye/smart_eye_upl_exp/mig_7series_0_ex/imports/sim_tb_top.v" into library xil_defaultlib
INFO: [VRFC 10-311] analyzing module sim_tb_top
INFO: [VRFC 10-2263] Analyzing Verilog file "/home/fpga/u1_library/k2_smart_eye/smart_eye_upl_exp/mig_7series_0_ex/mig_7series_0_ex.sim/sim_1/behav/xsim/glbl.v" into library xil_defaultlib
INFO: [VRFC 10-311] analyzing module glbl
